<?xml version="1.0" encoding="UTF-8"?>
<!-- Generated by org.testng.reporters.JUnitReportReporter -->
<testsuite hostname="LAPTOP-HHUMO6R2" failures="0" tests="1" name="files.sumValidation" time="2.492" errors="0" timestamp="2021-01-18T10:38:13 IST" skipped="0">
  <testcase classname="files.sumValidation" name="sumOfCourses" time="2.492"/>
  <system-out/>
</testsuite> <!-- files.sumValidation -->
