<?xml version="1.0" encoding="UTF-8"?>
<!-- Generated by org.testng.reporters.JUnitReportReporter -->
<testsuite hostname="LAPTOP-HHUMO6R2" failures="0" tests="4" name="files.DynamicJson" time="4.764" errors="0" timestamp="2021-01-19T10:58:01 IST" skipped="0">
  <testcase classname="files.DynamicJson" name="dynamicJson" time="0.286"/>
  <system-out/>
  <testcase classname="files.DynamicJson" name="dynamicJson" time="0.254"/>
  <system-out/>
  <testcase classname="files.DynamicJson" name="dynamicJson" time="0.274"/>
  <system-out/>
  <testcase classname="files.DynamicJson" name="dynamicJson" time="3.950"/>
  <system-out/>
</testsuite> <!-- files.DynamicJson -->
